<?xml version="1.0" encoding="UTF-8"?>
<testsuite name="com.codefarm.productservice.ProductserviceApplicationTests" tests="1" skipped="0" failures="0" errors="0" timestamp="2026-02-07T14:31:09.934Z" hostname="HP" time="1.91">
  <properties/>
  <testcase name="contextLoads()" classname="com.codefarm.productservice.ProductserviceApplicationTests" time="0.511"/>
  <system-out><![CDATA[20:01:10.094 [Test worker] INFO org.springframework.test.context.support.AnnotationConfigContextLoaderUtils -- Could not detect default configuration classes for test class [com.codefarm.productservice.ProductserviceApplicationTests]: ProductserviceApplicationTests does not declare any static, non-private, non-final, nested classes annotated with @Configuration.
20:01:10.170 [Test worker] INFO org.springframework.boot.test.context.SpringBootTestContextBootstrapper -- Found @SpringBootConfiguration com.codefarm.productservice.ProductserviceApplication for test class com.codefarm.productservice.ProductserviceApplicationTests

  .   ____          _            __ _ _
 /\\ / ___'_ __ _ _(_)_ __  __ _ \ \ \ \
( ( )\___ | '_ | '_| | '_ \/ _` | \ \ \ \
 \\/  ___)| |_)| | | | | || (_| |  ) ) ) )
  '  |____| .__|_| |_|_| |_\__, | / / / /
 =========|_|==============|___/=/_/_/_/

 :: Spring Boot ::                (v4.0.2)

2026-02-07T20:01:10.508+05:30  INFO 2864 --- [productservice] [    Test worker] c.c.p.ProductserviceApplicationTests     : Starting ProductserviceApplicationTests using Java 17.0.12 with PID 2864 (started by murra in C:\Users\murra\Downloads\productservice\productservice)
2026-02-07T20:01:10.509+05:30  INFO 2864 --- [productservice] [    Test worker] c.c.p.ProductserviceApplicationTests     : No active profile set, falling back to 1 default profile: "default"
2026-02-07T20:01:11.323+05:30  INFO 2864 --- [productservice] [    Test worker] c.c.p.ProductserviceApplicationTests     : Started ProductserviceApplicationTests in 1.044 seconds (process running for 2.097)
]]></system-out>
  <system-err><![CDATA[]]></system-err>
</testsuite>
